proj.android/proguard.cfg
#The below is used for AdsMOGO_Android_SDK_1.3.4 settings
-dontwarn
-libraryjars /libs/AdsMOGO_Android_SDK_1.3.5.jar
-keep public class com.adsmogo.** {*;} 
-keep public class com.suizong.mobile.ads.lite.** {*;} 

#for libcocos2dx
-keep public class org.cocos2dx.lib.** {*;}

# for smartmad ad sdk 
-keeppackagenames  cn.smartmad.ads.android 
-keep class  cn.smartmad.ads.android.* {*;}

-optimizationpasses 5
-dontusemixedcaseclassnames
-dontskipnonpubliclibraryclasses
-dontpreverify
-verbose
-optimizations !code/simplification/arithmetic,!field/*,!class/merging/*

-keep public class * extends android.app.Activity
-keep public class * extends android.app.Application
-keep public class * extends android.app.Service
-keep public class * extends android.content.BroadcastReceiver
-keep public class * extends android.content.ContentProvider
-keep public class * extends android.app.backup.BackupAgentHelper
-keep public class * extends android.preference.Preference
-keep public class com.android.vending.licensing.ILicensingService

-keep public class com.crazyboy.popstar.PopStar {
    private void winPuzzle(int);
    private void gameOver(int, int);
    private void rate();
}

-keepclasseswithmembernames class * {
    native <methods>;
}

-keepclasseswithmembernames class * {
    public <init>(android.content.Context, android.util.AttributeSet);
}

-keepclasseswithmembernames class * {
    public <init>(android.content.Context, android.util.AttributeSet, int);
}

-keepclassmembers enum * {
    public static **[] values();
    public static ** valueOf(java.lang.String);
}

-keep class * implements android.os.Parcelable {
  public static final android.os.Parcelable$Creator *;
}