proj.android/proguard/seeds.txt
com.crazyboy.popstar.PopStar
com.crazyboy.popstar.PopStar: PopStar()
com.crazyboy.popstar.PopStar: void nativeInit(java.lang.String)
com.crazyboy.popstar.PopStar: void nativeHit()
com.crazyboy.popstar.PopStar: void winPuzzle(int)
com.crazyboy.popstar.PopStar: void gameOver(int,int)
com.crazyboy.popstar.PopStar: void rate()
...
org.cocos2dx.lib.Cocos2dxActivity
org.cocos2dx.lib.Cocos2dxActivity: java.lang.String TAG
org.cocos2dx.lib.Cocos2dxActivity: org.cocos2dx.lib.Cocos2dxGLSurfaceView mGLSurfaceView
org.cocos2dx.lib.Cocos2dxActivity: org.cocos2dx.lib.Cocos2dxHandler mHandler
org.cocos2dx.lib.Cocos2dxActivity: android.content.Context sContext
org.cocos2dx.lib.Cocos2dxActivity: void <clinit>()
org.cocos2dx.lib.Cocos2dxActivity: Cocos2dxActivity()
org.cocos2dx.lib.Cocos2dxActivity: android.content.Context getContext()
org.cocos2dx.lib.Cocos2dxActivity: void onCreate(android.os.Bundle)
org.cocos2dx.lib.Cocos2dxActivity: void onResume()
org.cocos2dx.lib.Cocos2dxActivity: void onPause()
org.cocos2dx.lib.Cocos2dxActivity: boolean onKeyDown(int,android.view.KeyEvent)
org.cocos2dx.lib.Cocos2dxActivity: void showDialog(java.lang.String,java.lang.String)
org.cocos2dx.lib.Cocos2dxActivity: void showEditTextDialog(java.lang.String,java.lang.String,int,int,int,int)
org.cocos2dx.lib.Cocos2dxActivity: void runOnGLThread(java.lang.Runnable)
org.cocos2dx.lib.Cocos2dxActivity: void init()
org.cocos2dx.lib.Cocos2dxActivity: org.cocos2dx.lib.Cocos2dxGLSurfaceView onCreateView()
org.cocos2dx.lib.Cocos2dxActivity: boolean isAndroidEmulator()
org.cocos2dx.lib.Cocos2dxBitmap
org.cocos2dx.lib.Cocos2dxBitmap: int HORIZONTALALIGN_LEFT
org.cocos2dx.lib.Cocos2dxBitmap: int HORIZONTALALIGN_RIGHT
org.cocos2dx.lib.Cocos2dxBitmap: int HORIZONTALALIGN_CENTER
org.cocos2dx.lib.Cocos2dxBitmap: int VERTICALALIGN_TOP
org.cocos2dx.lib.Cocos2dxBitmap: int VERTICALALIGN_BOTTOM
org.cocos2dx.lib.Cocos2dxBitmap: int VERTICALALIGN_CENTER
org.cocos2dx.lib.Cocos2dxBitmap: android.content.Context sContext
org.cocos2dx.lib.Cocos2dxBitmap: Cocos2dxBitmap()
org.cocos2dx.lib.Cocos2dxBitmap: void setContext(android.content.Context)
org.cocos2dx.lib.Cocos2dxBitmap: void nativeInitBitmapDC(int,int,byte[])
org.cocos2dx.lib.Cocos2dxBitmap: void createTextBitmap(java.lang.String,java.lang.String,int,int,int,int)
org.cocos2dx.lib.Cocos2dxBitmap: void createTextBitmapShadowStroke(java.lang.String,java.lang.String,int,float,float,float,int,int,int,boolean,float,float,float,boolean,float,float,float,float)
org.cocos2dx.lib.Cocos2dxBitmap: android.graphics.Paint newPaint(java.lang.String,int,int)
org.cocos2dx.lib.Cocos2dxBitmap: org.cocos2dx.lib.Cocos2dxBitmap$TextProperty computeTextProperty(java.lang.String,int,int,android.graphics.Paint)
org.cocos2dx.lib.Cocos2dxBitmap: int computeX(java.lang.String,int,int)
org.cocos2dx.lib.Cocos2dxBitmap: int computeY(android.graphics.Paint$FontMetricsInt,int,int,int)
org.cocos2dx.lib.Cocos2dxBitmap: java.lang.String[] splitString(java.lang.String,int,int,android.graphics.Paint)
org.cocos2dx.lib.Cocos2dxETCLoader
org.cocos2dx.lib.Cocos2dxETCLoader: java.lang.String ASSETS_PATH
org.cocos2dx.lib.Cocos2dxETCLoader: android.content.Context context
org.cocos2dx.lib.Cocos2dxETCLoader: Cocos2dxETCLoader()
org.cocos2dx.lib.Cocos2dxETCLoader: boolean loadTexture(java.lang.String)
org.cocos2dx.lib.Cocos2dxETCLoader: void setContext(android.content.Context)
org.cocos2dx.lib.Cocos2dxETCLoader: void nativeSetTextureInfo(int,int,byte[],int)