proj.android/proguard/mapping.txt
com.crazyboy.popstar.PopStar -> com.crazyboy.popstar.PopStar:
    android.app.Activity activity2 -> b
    com.adsmogo.adview.AdsMogoLayout adsMogoLayout -> a
    void nativeInit(java.lang.String) -> nativeInit
    void nativeHit() -> nativeHit
    void onCreate(android.os.Bundle) -> onCreate
    void winPuzzle(int) -> winPuzzle
    void gameOver(int,int) -> gameOver
    void rate() -> rate
    boolean onKeyDown(int,android.view.KeyEvent) -> onKeyDown
    void onClickAd(java.lang.String) -> onClickAd
    boolean onCloseAd() -> onCloseAd
    void onCloseMogoDialog() -> onCloseMogoDialog
    void onFailedReceiveAd() -> onFailedReceiveAd
    void onRealClickAd() -> onRealClickAd
    void onReceiveAd(android.view.ViewGroup,java.lang.String) -> onReceiveAd
    void onRequestAd(java.lang.String) -> onRequestAd
    void onDestroy() -> onDestroy
    java.lang.Class getCustomEvemtPlatformAdapterClass(com.adsmogo.adapters.AdsMogoCustomEventPlatformEnum) -> getCustomEvemtPlatformAdapterClass
...
com.google.ads.af -> com.google.ads.p:
    java.lang.ref.WeakReference a -> a
    void run() -> run
com.google.ads.ag -> com.google.ads.q:
    int a -> a
    int b -> b
    int c -> c
    int d -> d
    int e -> e
    int f -> f
    int g -> g
    int h -> h
    int i -> i
    int j -> j
    int k -> k
    int l -> l
    int m -> m
    int n -> n
    int o -> o
    int p -> p
    int q -> q
    int r -> r
    int s -> s
    int t -> t
    int u -> u
    int v -> v
    int w -> w
    int x -> x
    int y -> y
    int z -> z
    int A -> A
    int B -> B
    int C -> C
    int D -> D
    int E -> E
    int F -> F
    int G -> G
    int H -> H
    int I -> I
    int J -> J
    int K -> K
    int L -> L
    int M -> M
    int N -> N
    int O -> O
    int P -> P
    int Q -> Q
    int R -> R
    int S -> S
    int T -> T
    int U -> U
    int V -> V
    int W -> W
    int X -> X
    int Y -> Y
    int Z -> Z
    int aa -> aa
    int ab -> ab
    int ac -> ac
    int ad -> ad
    int ae -> ae
    int af -> af
    int ag -> ag
    int ah -> ah
    int ai -> ai
    int aj -> aj
    int ak -> ak
    int al -> al
    int am -> am
    int an -> an
    int ao -> ao
    int ap -> ap
    int aq -> aq
    int ar -> ar
    int as -> as
    int at -> at
    int au -> au
    int av -> av
    int aw -> aw
    int ax -> ax
    int ay -> ay
    int az -> az
    int aA -> aA
    int aB -> aB
    int aC -> aC
    int aD -> aD
    int aE -> aE
    int aF -> aF
    int aG -> aG
    int aH -> aH
com.google.ads.ag$a -> com.google.ads.r:
    void a(byte[],byte[]) -> a
com.google.ads.ag$b -> com.google.ads.s:
    com.google.ads.ag a -> a
    void a(byte[],byte[]) -> a
com.google.ads.ag$c -> com.google.ads.t:
    com.google.ads.ag a -> a
    void a(byte[],byte[]) -> a
com.google.ads.ag$d -> com.google.ads.u:
    com.google.ads.ag a -> a
    void a(byte[],byte[]) -> a
com.google.ads.ag$e -> com.google.ads.v:
    com.google.ads.ag a -> a
    void a(byte[],byte[]) -> a
com.google.ads.ag$f -> com.google.ads.w:
    com.google.ads.ag a -> a
    void a(byte[],byte[]) -> a
com.google.ads.ag$g -> com.google.ads.x:
    com.google.ads.ag a -> a
    void a(byte[],byte[]) -> a
com.google.ads.ag$h -> com.google.ads.y:
    com.google.ads.ag a -> a
    void a(byte[],byte[]) -> a
com.google.ads.ag$i -> com.google.ads.z:
    com.google.ads.ag a -> a
    void a(byte[],byte[]) -> a
com.google.ads.ag$j -> com.google.ads.aa:
    com.google.ads.ag a -> a
    void a(byte[],byte[]) -> a
com.google.ads.ag$k -> com.google.ads.ab:
    com.google.ads.ag a -> a
    void a(byte[],byte[]) -> a
com.google.ads.ag$l -> com.google.ads.ac:
    com.google.ads.ag a -> a
    void a(byte[],byte[]) -> a
com.google.ads.ag$m -> com.google.ads.ad:
    com.google.ads.ag a -> a
    void a(byte[],byte[]) -> a
com.google.ads.ah -> com.google.ads.ae:
    java.lang.String[] a -> a
com.google.ads.ai -> com.google.ads.af:
    java.lang.String a(android.content.Context,java.lang.String) -> a
com.google.ads.aj -> com.google.ads.ag:
    com.google.ads.at c -> c
    java.io.ByteArrayOutputStream d -> d
    android.view.MotionEvent a -> a
    android.util.DisplayMetrics b -> b
    void b(android.content.Context) -> a
    void c(android.content.Context) -> b
    java.lang.String a(android.content.Context) -> c
    java.lang.String a(android.content.Context,java.lang.String) -> a
    java.lang.String a(android.content.Context,java.lang.String,boolean) -> a
    void a(int,long) -> a
    void a(int,java.lang.String) -> a
    void a() -> a
    byte[] b() -> b