proj.android/proguard/usage.txt
com.crazyboy.popstar.BuildConfig
com.crazyboy.popstar.PopStar:
    private static final java.lang.String id
    102:102:private void onStageCleared()
com.crazyboy.popstar.R
com.crazyboy.popstar.R$attr
com.crazyboy.popstar.R$drawable
com.crazyboy.popstar.R$string
...
com.google.ads.mediation.MediationBannerAdapter:
    public abstract android.view.View getBannerView()
com.google.ads.mediation.MediationBannerListener:
    public abstract void onReceivedAd(com.google.ads.mediation.MediationBannerAdapter)
    public abstract void onFailedToReceiveAd(com.google.ads.mediation.MediationBannerAdapter,com.google.ads.AdRequest$ErrorCode)
    public abstract void onPresentScreen(com.google.ads.mediation.MediationBannerAdapter)
    public abstract void onDismissScreen(com.google.ads.mediation.MediationBannerAdapter)
    public abstract void onLeaveApplication(com.google.ads.mediation.MediationBannerAdapter)
    public abstract void onClick(com.google.ads.mediation.MediationBannerAdapter)
com.google.ads.mediation.MediationInterstitialListener:
    public abstract void onReceivedAd(com.google.ads.mediation.MediationInterstitialAdapter)
    public abstract void onFailedToReceiveAd(com.google.ads.mediation.MediationInterstitialAdapter,com.google.ads.AdRequest$ErrorCode)
    public abstract void onPresentScreen(com.google.ads.mediation.MediationInterstitialAdapter)
    public abstract void onDismissScreen(com.google.ads.mediation.MediationInterstitialAdapter)
    public abstract void onLeaveApplication(com.google.ads.mediation.MediationInterstitialAdapter)
com.google.ads.mediation.admob.AdMobAdapter
com.google.ads.mediation.admob.AdMobAdapter$1
com.google.ads.mediation.admob.AdMobAdapter$a
com.google.ads.mediation.admob.AdMobAdapter$b
com.google.ads.mediation.admob.AdMobAdapterExtras:
    31:37:public AdMobAdapterExtras(com.google.ads.mediation.admob.AdMobAdapterExtras)
    44:44:public com.google.ads.mediation.admob.AdMobAdapterExtras setPlusOneOptOut(boolean)
    52:52:public boolean getPlusOneOptOut()
    69:70:public com.google.ads.mediation.admob.AdMobAdapterExtras setUseExactAdSize(boolean)
    79:79:public boolean getUseExactAdSize()
    102:106:public com.google.ads.mediation.admob.AdMobAdapterExtras setExtras(java.util.Map)
    128:129:public com.google.ads.mediation.admob.AdMobAdapterExtras addExtra(java.lang.String,java.lang.Object)
com.google.ads.mediation.admob.AdMobAdapterServerParameters
com.google.ads.mediation.customevent.CustomEvent
com.google.ads.mediation.customevent.CustomEventAdapter
com.google.ads.mediation.customevent.CustomEventAdapter$a
com.google.ads.mediation.customevent.CustomEventAdapter$b
com.google.ads.mediation.customevent.CustomEventBanner
com.google.ads.mediation.customevent.CustomEventBannerListener
com.google.ads.mediation.customevent.CustomEventExtras
com.google.ads.mediation.customevent.CustomEventInterstitial
com.google.ads.mediation.customevent.CustomEventInterstitialListener
com.google.ads.mediation.customevent.CustomEventListener
com.google.ads.mediation.customevent.CustomEventServerParameters
com.google.ads.searchads.SearchAdRequest:
    91:92:public void setQuery(java.lang.String)
    101:108:public void setBackgroundColor(int)
    120:127:public void setBackgroundGradient(int,int)
    137:138:public void setHeaderTextColor(int)
    148:149:public void setDescriptionTextColor(int)
    159:160:public void setAnchorTextColor(int)
    168:169:public void setFontFace(java.lang.String)
    178:179:public void setHeaderTextSize(int)
    189:190:public void setBorderColor(int)
    197:198:public void setBorderType(com.google.ads.searchads.SearchAdRequest$BorderType)
    207:208:public void setBorderThickness(int)
    215:216:public void setCustomChannels(java.lang.String)
com.google.ads.util.IcsUtil$IcsAdWebView:
    59:62:public boolean canScrollHorizontally(int)
    69:72:public boolean canScrollVertically(int)
com.google.ads.util.IcsUtil$a:
    44:45:public void onShowCustomView(android.view.View,int,android.webkit.WebChromeClient$CustomViewCallback)
com.google.ads.util.a:
    53:55:public static void a(java.lang.Object)